<?xml version="1.0" encoding="UTF-8"?>
<!-- Generated by org.testng.reporters.JUnitXMLReporter -->
<testsuite ignored="0" hostname="DESKTOP-4MKGTCT" failures="0" tests="4" name="Default test" time="16.052" errors="0" timestamp="2022-12-14T11:38:45 IST">
  <testcase classname="com.hrm.TestCases.TC_homePageVerify_003" name="login" time="1.687"/>
  <testcase classname="com.hrm.TestCases.TC_homePageVerify_003" name="testAbout" time="2.671"/>
  <testcase classname="com.hrm.TestCases.TC_homePageVerify_003" name="testDetails" time="0.43"/>
  <testcase classname="com.hrm.TestCases.TC_homePageVerify_003" name="testEmployees" time="0.043"/>
</testsuite> <!-- Default test -->
